<?xml version="1.0" encoding="UTF-8"?>
<!-- Generated by org.testng.reporters.JUnitXMLReporter -->
<testsuite ignored="1" hostname="Sireena-PC" failures="0" tests="2" name="Default test" time="2.377" errors="0" timestamp="2024-06-22T23:44:48 EET">
  <testcase classname="lesson9.MyTestCases" name="LoginTest" time="0.192"/>
  <testcase classname="lesson9.MyTestCases" name="FindElementThatHasTheTextLab" time="0.057"/>
  <testcase classname="lesson9.MyTestCases" name="addAllItems" time="0.0">
    <ignored/>
  </testcase> <!-- addAllItems -->
</testsuite> <!-- Default test -->
