<?xml version="1.0" encoding="UTF-8"?>
<testng-results ignored="1" total="3" passed="2" failed="0" skipped="0">
  <reporter-output>
  </reporter-output>
  <suite started-at="2024-06-22T23:44:45 EET" name="Default suite" finished-at="2024-06-22T23:44:48 EET" duration-ms="2377">
    <groups>
    </groups>
    <test started-at="2024-06-22T23:44:45 EET" name="Default test" finished-at="2024-06-22T23:44:48 EET" duration-ms="2377">
      <class name="lesson9.MyTestCases">
        <test-method is-config="true" signature="MySetup()[pri:0, instance:lesson9.MyTestCases@5aac4250]" started-at="2024-06-22T23:44:45 EET" name="MySetup" finished-at="2024-06-22T23:44:47 EET" duration-ms="2101" status="PASS">
          <reporter-output>
          </reporter-output>
        </test-method> <!-- MySetup -->
        <test-method signature="LoginTest()[pri:1, instance:lesson9.MyTestCases@5aac4250]" started-at="2024-06-22T23:44:47 EET" name="LoginTest" finished-at="2024-06-22T23:44:47 EET" duration-ms="192" status="PASS">
          <reporter-output>
          </reporter-output>
        </test-method> <!-- LoginTest -->
        <test-method signature="FindElementThatHasTheTextLab()[pri:4, instance:lesson9.MyTestCases@5aac4250]" started-at="2024-06-22T23:44:47 EET" name="FindElementThatHasTheTextLab" finished-at="2024-06-22T23:44:48 EET" duration-ms="57" status="PASS">
          <reporter-output>
          </reporter-output>
        </test-method> <!-- FindElementThatHasTheTextLab -->
      </class> <!-- lesson9.MyTestCases -->
    </test> <!-- Default test -->
  </suite> <!-- Default suite -->
</testng-results>
